<?xml version="1.0" encoding="UTF-8"?>
<!-- Generated by org.testng.reporters.JUnitXMLReporter -->
<testsuite ignored="0" hostname="ShIBiN-ShA-LaP" failures="0" tests="5" name="Test" time="30.092" errors="0" timestamp="2025-11-20T06:17:19 IST">
  <testcase classname="businesscomponents.AdacitinTestNg" name="googleSearch" time="1.59"/>
  <testcase classname="businesscomponents.AdacitinTestNg" name="googleSearch" time="1.959"/>
  <testcase classname="businesscomponents.AdacitinTestNg" name="googleSearch" time="1.465"/>
  <testcase classname="businesscomponents.AdacitinTestNg" name="yahooSearch" time="3.562"/>
  <testcase classname="businesscomponents.BingAdacitinTestNG" name="bingSearch" time="1.166"/>
</testsuite> <!-- Test -->
