<?xml version="1.0" encoding="UTF-8"?>
<testng-results ignored="0" total="5" passed="5" failed="0" skipped="0">
  <reporter-output>
  </reporter-output>
  <suite started-at="2025-11-20T06:16:49 IST" name="Suite" finished-at="2025-11-20T06:17:19 IST" duration-ms="30092">
    <groups>
      <group name="Regression">
        <method signature="AdacitinTestNg.googleSearch(java.lang.String)[pri:0, instance:businesscomponents.AdacitinTestNg@6989da5e]" name="googleSearch" class="businesscomponents.AdacitinTestNg"/>
        <method signature="AdacitinTestNg.yahooSearch()[pri:0, instance:businesscomponents.AdacitinTestNg@6989da5e]" name="yahooSearch" class="businesscomponents.AdacitinTestNg"/>
        <method signature="BingAdacitinTestNG.bingSearch()[pri:0, instance:businesscomponents.BingAdacitinTestNG@6743e411]" name="bingSearch" class="businesscomponents.BingAdacitinTestNG"/>
      </group> <!-- Regression -->
    </groups>
    <test started-at="2025-11-20T06:16:49 IST" name="Test" finished-at="2025-11-20T06:17:19 IST" duration-ms="30092">
      <class name="businesscomponents.BingAdacitinTestNG">
        <test-method is-config="true" signature="beforeSuite()[pri:0, instance:businesscomponents.BingAdacitinTestNG@6743e411]" started-at="2025-11-20T06:16:49 IST" name="beforeSuite" finished-at="2025-11-20T06:16:49 IST" duration-ms="0" status="PASS">
          <reporter-output>
          </reporter-output>
        </test-method> <!-- beforeSuite -->
        <test-method is-config="true" signature="beforeTest()[pri:0, instance:businesscomponents.BingAdacitinTestNG@6743e411]" started-at="2025-11-20T06:16:49 IST" name="beforeTest" finished-at="2025-11-20T06:16:49 IST" duration-ms="1" status="PASS">
          <reporter-output>
          </reporter-output>
        </test-method> <!-- beforeTest -->
        <test-method is-config="true" signature="beforeGroups()[pri:0, instance:businesscomponents.BingAdacitinTestNG@6743e411]" started-at="2025-11-20T06:16:52 IST" name="beforeGroups" finished-at="2025-11-20T06:16:52 IST" duration-ms="1" status="PASS">
          <reporter-output>
          </reporter-output>
        </test-method> <!-- beforeGroups -->
        <test-method is-config="true" signature="browserInvoke(java.lang.String)[pri:0, instance:businesscomponents.BingAdacitinTestNG@6743e411]" started-at="2025-11-20T06:17:09 IST" name="browserInvoke" finished-at="2025-11-20T06:17:14 IST" duration-ms="4997" status="PASS">
          <params>
            <param index="0">
              <value>
                <![CDATA[chrome]]>
              </value>
            </param>
          </params>
          <reporter-output>
          </reporter-output>
        </test-method> <!-- browserInvoke -->
        <test-method is-config="true" signature="waitTime()[pri:0, instance:businesscomponents.BingAdacitinTestNG@6743e411]" started-at="2025-11-20T06:17:14 IST" name="waitTime" finished-at="2025-11-20T06:17:16 IST" duration-ms="2004" status="PASS">
          <reporter-output>
          </reporter-output>
        </test-method> <!-- waitTime -->
        <test-method signature="bingSearch()[pri:0, instance:businesscomponents.BingAdacitinTestNG@6743e411]" started-at="2025-11-20T06:17:16 IST" name="bingSearch" finished-at="2025-11-20T06:17:17 IST" duration-ms="1166" status="PASS">
          <reporter-output>
          </reporter-output>
        </test-method> <!-- bingSearch -->
        <test-method is-config="true" signature="utility()[pri:0, instance:businesscomponents.BingAdacitinTestNG@6743e411]" started-at="2025-11-20T06:17:17 IST" name="utility" finished-at="2025-11-20T06:17:17 IST" duration-ms="0" status="PASS">
          <reporter-output>
          </reporter-output>
        </test-method> <!-- utility -->
        <test-method is-config="true" signature="afterGroups()[pri:0, instance:businesscomponents.BingAdacitinTestNG@6743e411]" started-at="2025-11-20T06:17:17 IST" name="afterGroups" finished-at="2025-11-20T06:17:17 IST" duration-ms="0" status="PASS">
          <reporter-output>
          </reporter-output>
        </test-method> <!-- afterGroups -->
        <test-method is-config="true" signature="terminateBrowser()[pri:0, instance:businesscomponents.BingAdacitinTestNG@6743e411]" started-at="2025-11-20T06:17:17 IST" name="terminateBrowser" finished-at="2025-11-20T06:17:19 IST" duration-ms="1840" status="PASS">
          <reporter-output>
          </reporter-output>
        </test-method> <!-- terminateBrowser -->
        <test-method is-config="true" signature="afterTest()[pri:0, instance:businesscomponents.BingAdacitinTestNG@6743e411]" started-at="2025-11-20T06:17:19 IST" name="afterTest" finished-at="2025-11-20T06:17:19 IST" duration-ms="1" status="PASS">
          <reporter-output>
          </reporter-output>
        </test-method> <!-- afterTest -->
        <test-method is-config="true" signature="afterSuite()[pri:0, instance:businesscomponents.BingAdacitinTestNG@6743e411]" started-at="2025-11-20T06:17:19 IST" name="afterSuite" finished-at="2025-11-20T06:17:19 IST" duration-ms="0" status="PASS">
          <reporter-output>
          </reporter-output>
        </test-method> <!-- afterSuite -->
      </class> <!-- businesscomponents.BingAdacitinTestNG -->
      <class name="businesscomponents.AdacitinTestNg">
        <test-method is-config="true" signature="beforeSuite()[pri:0, instance:businesscomponents.AdacitinTestNg@6989da5e]" started-at="2025-11-20T06:16:49 IST" name="beforeSuite" finished-at="2025-11-20T06:16:49 IST" duration-ms="12" status="PASS">
          <reporter-output>
          </reporter-output>
        </test-method> <!-- beforeSuite -->
        <test-method is-config="true" signature="beforeTest()[pri:0, instance:businesscomponents.AdacitinTestNg@6989da5e]" started-at="2025-11-20T06:16:49 IST" name="beforeTest" finished-at="2025-11-20T06:16:49 IST" duration-ms="1" status="PASS">
          <reporter-output>
          </reporter-output>
        </test-method> <!-- beforeTest -->
        <test-method is-config="true" signature="browserInvoke(java.lang.String)[pri:0, instance:businesscomponents.AdacitinTestNg@6989da5e]" started-at="2025-11-20T06:16:49 IST" name="browserInvoke" finished-at="2025-11-20T06:16:52 IST" duration-ms="2898" status="PASS">
          <params>
            <param index="0">
              <value>
                <![CDATA[chrome]]>
              </value>
            </param>
          </params>
          <reporter-output>
          </reporter-output>
        </test-method> <!-- browserInvoke -->
        <test-method is-config="true" signature="beforeGroups()[pri:0, instance:businesscomponents.AdacitinTestNg@6989da5e]" started-at="2025-11-20T06:16:52 IST" name="beforeGroups" finished-at="2025-11-20T06:16:52 IST" duration-ms="1" status="PASS">
          <reporter-output>
          </reporter-output>
        </test-method> <!-- beforeGroups -->
        <test-method is-config="true" signature="waitTime()[pri:0, instance:businesscomponents.AdacitinTestNg@6989da5e]" started-at="2025-11-20T06:16:52 IST" name="waitTime" finished-at="2025-11-20T06:16:54 IST" duration-ms="2008" status="PASS">
          <reporter-output>
          </reporter-output>
        </test-method> <!-- waitTime -->
        <test-method signature="googleSearch(java.lang.String)[pri:0, instance:businesscomponents.AdacitinTestNg@6989da5e]" started-at="2025-11-20T06:16:54 IST" name="googleSearch" data-provider="TestData" finished-at="2025-11-20T06:16:56 IST" duration-ms="1590" status="PASS">
          <params>
            <param index="0">
              <value>
                <![CDATA[Phone]]>
              </value>
            </param>
          </params>
          <reporter-output>
          </reporter-output>
        </test-method> <!-- googleSearch -->
        <test-method is-config="true" signature="utility()[pri:0, instance:businesscomponents.AdacitinTestNg@6989da5e]" started-at="2025-11-20T06:16:56 IST" name="utility" finished-at="2025-11-20T06:16:56 IST" duration-ms="3" status="PASS">
          <reporter-output>
          </reporter-output>
        </test-method> <!-- utility -->
        <test-method is-config="true" signature="waitTime()[pri:0, instance:businesscomponents.AdacitinTestNg@6989da5e]" started-at="2025-11-20T06:16:56 IST" name="waitTime" finished-at="2025-11-20T06:16:58 IST" duration-ms="2016" status="PASS">
          <reporter-output>
          </reporter-output>
        </test-method> <!-- waitTime -->
        <test-method signature="googleSearch(java.lang.String)[pri:0, instance:businesscomponents.AdacitinTestNg@6989da5e]" started-at="2025-11-20T06:16:58 IST" name="googleSearch" data-provider="TestData" finished-at="2025-11-20T06:17:00 IST" duration-ms="1959" status="PASS">
          <params>
            <param index="0">
              <value>
                <![CDATA[Lipstick]]>
              </value>
            </param>
          </params>
          <reporter-output>
          </reporter-output>
        </test-method> <!-- googleSearch -->
        <test-method is-config="true" signature="utility()[pri:0, instance:businesscomponents.AdacitinTestNg@6989da5e]" started-at="2025-11-20T06:17:00 IST" name="utility" finished-at="2025-11-20T06:17:00 IST" duration-ms="1" status="PASS">
          <reporter-output>
          </reporter-output>
        </test-method> <!-- utility -->
        <test-method is-config="true" signature="waitTime()[pri:0, instance:businesscomponents.AdacitinTestNg@6989da5e]" started-at="2025-11-20T06:17:00 IST" name="waitTime" finished-at="2025-11-20T06:17:02 IST" duration-ms="2016" status="PASS">
          <reporter-output>
          </reporter-output>
        </test-method> <!-- waitTime -->
        <test-method signature="googleSearch(java.lang.String)[pri:0, instance:businesscomponents.AdacitinTestNg@6989da5e]" started-at="2025-11-20T06:17:02 IST" name="googleSearch" data-provider="TestData" finished-at="2025-11-20T06:17:03 IST" duration-ms="1465" status="PASS">
          <params>
            <param index="0">
              <value>
                <![CDATA[NailPolish]]>
              </value>
            </param>
          </params>
          <reporter-output>
          </reporter-output>
        </test-method> <!-- googleSearch -->
        <test-method is-config="true" signature="utility()[pri:0, instance:businesscomponents.AdacitinTestNg@6989da5e]" started-at="2025-11-20T06:17:03 IST" name="utility" finished-at="2025-11-20T06:17:03 IST" duration-ms="3" status="PASS">
          <reporter-output>
          </reporter-output>
        </test-method> <!-- utility -->
        <test-method is-config="true" signature="waitTime()[pri:0, instance:businesscomponents.AdacitinTestNg@6989da5e]" started-at="2025-11-20T06:17:03 IST" name="waitTime" finished-at="2025-11-20T06:17:05 IST" duration-ms="2010" status="PASS">
          <reporter-output>
          </reporter-output>
        </test-method> <!-- waitTime -->
        <test-method signature="yahooSearch()[pri:0, instance:businesscomponents.AdacitinTestNg@6989da5e]" started-at="2025-11-20T06:17:05 IST" name="yahooSearch" finished-at="2025-11-20T06:17:09 IST" duration-ms="3562" status="PASS">
          <reporter-output>
          </reporter-output>
        </test-method> <!-- yahooSearch -->
        <test-method is-config="true" signature="utility()[pri:0, instance:businesscomponents.AdacitinTestNg@6989da5e]" started-at="2025-11-20T06:17:09 IST" name="utility" finished-at="2025-11-20T06:17:09 IST" duration-ms="2" status="PASS">
          <reporter-output>
          </reporter-output>
        </test-method> <!-- utility -->
        <test-method is-config="true" signature="terminateBrowser()[pri:0, instance:businesscomponents.AdacitinTestNg@6989da5e]" started-at="2025-11-20T06:17:09 IST" name="terminateBrowser" finished-at="2025-11-20T06:17:09 IST" duration-ms="432" status="PASS">
          <reporter-output>
          </reporter-output>
        </test-method> <!-- terminateBrowser -->
        <test-method is-config="true" signature="afterGroups()[pri:0, instance:businesscomponents.AdacitinTestNg@6989da5e]" started-at="2025-11-20T06:17:17 IST" name="afterGroups" finished-at="2025-11-20T06:17:17 IST" duration-ms="0" status="PASS">
          <reporter-output>
          </reporter-output>
        </test-method> <!-- afterGroups -->
        <test-method is-config="true" signature="afterTest()[pri:0, instance:businesscomponents.AdacitinTestNg@6989da5e]" started-at="2025-11-20T06:17:19 IST" name="afterTest" finished-at="2025-11-20T06:17:19 IST" duration-ms="0" status="PASS">
          <reporter-output>
          </reporter-output>
        </test-method> <!-- afterTest -->
        <test-method is-config="true" signature="afterSuite()[pri:0, instance:businesscomponents.AdacitinTestNg@6989da5e]" started-at="2025-11-20T06:17:19 IST" name="afterSuite" finished-at="2025-11-20T06:17:19 IST" duration-ms="0" status="PASS">
          <reporter-output>
          </reporter-output>
        </test-method> <!-- afterSuite -->
      </class> <!-- businesscomponents.AdacitinTestNg -->
    </test> <!-- Test -->
  </suite> <!-- Suite -->
</testng-results>
