<?xml version="1.0" encoding="UTF-8"?>
<!-- Generated by org.testng.reporters.JUnitReportReporter -->
<testsuite hostname="ShIBiN-ShA-LaP" failures="0" tests="4" name="businesscomponents.AdacitinTestNg" time="16.635" errors="0" timestamp="2025-11-20T06:17:19 IST" skipped="0">
  <testcase classname="businesscomponents.AdacitinTestNg" name="yahooSearch" time="5.572"/>
  <testcase classname="businesscomponents.AdacitinTestNg" name="googleSearch" time="3.978"/>
  <testcase classname="businesscomponents.AdacitinTestNg" name="googleSearch" time="3.484"/>
  <testcase classname="businesscomponents.AdacitinTestNg" name="googleSearch" time="3.601"/>
</testsuite> <!-- businesscomponents.AdacitinTestNg -->
